<?xml version="1.0" encoding="UTF-8"?>
<!-- Generated by org.testng.reporters.JUnitXMLReporter -->
<testsuite ignored="0" hostname="DESKTOP-UJR729K" failures="0" tests="3" name="Default test" time="38.701" errors="0" timestamp="29 Nov 2020 15:21:44 GMT">
  <testcase classname="com.selenium.testng.CrossBrowser" name="chrome" time="9.711"/>
  <testcase classname="com.selenium.testng.CrossBrowser" name="firefox" time="13.468"/>
  <testcase classname="com.selenium.testng.CrossBrowser" name="edge" time="15.458"/>
</testsuite> <!-- Default test -->
