<?xml version="1.0" encoding="UTF-8"?>
<!-- Generated by org.testng.reporters.JUnitXMLReporter -->
<testsuite ignored="0" hostname="DESKTOP-UJR729K" failures="0" tests="2" name="Test Cases For Depends on Code" time="16.522" errors="0" timestamp="29 Nov 2020 16:35:25 GMT">
  <testcase classname="com.selenium.testng.LoginTC_dependson" name="loginAdmin" time="9.219"/>
  <testcase classname="com.selenium.testng.LoginTC_dependson" name="logoutTestUser" time="3.344"/>
</testsuite> <!-- Test Cases For Depends on Code -->
