<?xml version="1.0" encoding="UTF-8"?>
<!-- Generated by org.testng.reporters.JUnitXMLReporter -->
<testsuite ignored="0" hostname="DESKTOP-UJR729K" failures="0" tests="3" name="Test Cases For Cross browser Test" time="38.867" errors="0" timestamp="29 Nov 2020 16:36:04 GMT">
  <testcase classname="com.selenium.testng.CrossBrowser" name="chrome" time="11.185"/>
  <testcase classname="com.selenium.testng.CrossBrowser" name="firefox" time="13.979"/>
  <testcase classname="com.selenium.testng.CrossBrowser" name="edge" time="13.69"/>
</testsuite> <!-- Test Cases For Cross browser Test -->
