<?xml version="1.0" encoding="UTF-8"?>
<!-- Generated by org.testng.reporters.JUnitXMLReporter -->
<testsuite ignored="0" hostname="DESKTOP-UJR729K" failures="0" tests="2" name="Test Cases For Depends on Code" time="11.751" errors="0" timestamp="29 Nov 2020 16:36:59 GMT">
  <testcase classname="com.selenium.testng.LoginTC_dependson" name="loginAdmin" time="5.833"/>
  <testcase classname="com.selenium.testng.LoginTC_dependson" name="logoutTestUser" time="1.327"/>
</testsuite> <!-- Test Cases For Depends on Code -->
