<?xml version="1.0" encoding="UTF-8"?>
<testng-results ignored="0" total="7" passed="6" failed="1" skipped="0">
  <reporter-output>
  </reporter-output>
  <suite started-at="2020-11-29T16:36:22Z" name="Suite" finished-at="2020-11-29T16:47:21Z" duration-ms="658381">
    <groups>
    </groups>
    <test started-at="2020-11-29T16:36:22Z" name="Test Cases For LogginTest" finished-at="2020-11-29T16:36:47Z" duration-ms="24857">
      <class name="com.selenium.testng.LoginTC">
        <test-method is-config="true" signature="beforeTest()[pri:0, instance:com.selenium.testng.LoginTC@7ba18f1b]" started-at="2020-11-29T16:36:22Z" name="beforeTest" finished-at="2020-11-29T16:36:27Z" duration-ms="4475" status="PASS">
          <reporter-output>
          </reporter-output>
        </test-method> <!-- beforeTest -->
        <test-method signature="loginTestUser()[pri:0, instance:com.selenium.testng.LoginTC@7ba18f1b]" started-at="2020-11-29T16:36:27Z" name="loginTestUser" description="Test case to verify login functionnality  &#039;Test&#039; user." finished-at="2020-11-29T16:36:41Z" duration-ms="14741" status="PASS">
          <reporter-output>
          </reporter-output>
        </test-method> <!-- loginTestUser -->
        <test-method signature="loginAdmin()[pri:1, instance:com.selenium.testng.LoginTC@7ba18f1b]" started-at="2020-11-29T16:36:42Z" name="loginAdmin" description="Test case to verify login functionnality  &#039;Admin&#039; user." finished-at="2020-11-29T16:36:46Z" duration-ms="4987" status="PASS">
          <reporter-output>
          </reporter-output>
        </test-method> <!-- loginAdmin -->
        <test-method is-config="true" signature="afterTest()[pri:0, instance:com.selenium.testng.LoginTC@7ba18f1b]" started-at="2020-11-29T16:36:46Z" name="afterTest" finished-at="2020-11-29T16:36:47Z" duration-ms="628" status="PASS">
          <reporter-output>
          </reporter-output>
        </test-method> <!-- afterTest -->
      </class> <!-- com.selenium.testng.LoginTC -->
    </test> <!-- Test Cases For LogginTest -->
    <test started-at="2020-11-29T16:36:47Z" name="Test Cases For Depends on Code" finished-at="2020-11-29T16:36:59Z" duration-ms="11751">
      <class name="com.selenium.testng.LoginTC_dependson">
        <test-method is-config="true" signature="beforeTest()[pri:0, instance:com.selenium.testng.LoginTC_dependson@de3a06f]" started-at="2020-11-29T16:36:47Z" name="beforeTest" finished-at="2020-11-29T16:36:50Z" duration-ms="3303" status="PASS">
          <reporter-output>
          </reporter-output>
        </test-method> <!-- beforeTest -->
        <test-method signature="loginAdmin()[pri:0, instance:com.selenium.testng.LoginTC_dependson@de3a06f]" started-at="2020-11-29T16:36:50Z" name="loginAdmin" description="Test case to verify login functionnality  &#039;Admin&#039; user." finished-at="2020-11-29T16:36:56Z" duration-ms="5833" status="PASS">
          <reporter-output>
          </reporter-output>
        </test-method> <!-- loginAdmin -->
        <test-method signature="logoutTestUser()[pri:1, instance:com.selenium.testng.LoginTC_dependson@de3a06f]" started-at="2020-11-29T16:36:56Z" name="logoutTestUser" description="Test case to verify login functionnality  &#039;Test&#039; user." finished-at="2020-11-29T16:36:58Z" depends-on-methods="com.selenium.testng.LoginTC_dependson.loginAdmin" duration-ms="1327" status="PASS">
          <reporter-output>
          </reporter-output>
        </test-method> <!-- logoutTestUser -->
        <test-method is-config="true" signature="afterTest()[pri:0, instance:com.selenium.testng.LoginTC_dependson@de3a06f]" started-at="2020-11-29T16:36:58Z" name="afterTest" finished-at="2020-11-29T16:36:59Z" duration-ms="1285" status="PASS">
          <reporter-output>
          </reporter-output>
        </test-method> <!-- afterTest -->
      </class> <!-- com.selenium.testng.LoginTC_dependson -->
    </test> <!-- Test Cases For Depends on Code -->
    <test started-at="2020-11-29T16:36:59Z" name="Test Cases For Cross browser Test" finished-at="2020-11-29T16:47:21Z" duration-ms="621736">
      <class name="com.selenium.testng.CrossBrowser">
        <test-method signature="chrome()[pri:0, instance:com.selenium.testng.CrossBrowser@2f490758]" started-at="2020-11-29T16:36:59Z" name="chrome" finished-at="2020-11-29T16:47:02Z" duration-ms="603195" status="FAIL">
          <exception class="org.openqa.selenium.SessionNotCreatedException">
            <message>
              <![CDATA[session not created
from timeout: Timed out receiving message from renderer: 600.000
  (Session info: chrome=87.0.4280.66)
Build info: version: '3.141.59', revision: 'e82be7d358', time: '2018-11-14T08:17:03'
System info: host: 'DESKTOP-UJR729K', ip: '192.168.56.1', os.name: 'Windows 10', os.arch: 'amd64', os.version: '10.0', java.version: '14.0.2'
Driver info: driver.version: ChromeDriver
remote stacktrace: Backtrace:
Ordinal0 [0x00A0ECE3+3337443]
Ordinal0 [0x008EF041+2158657]
Ordinal0 [0x00776FA8+618408]
Ordinal0 [0x0076AE8F+568975]
Ordinal0 [0x0076A131+565553]
Ordinal0 [0x0076A525+566565]
Ordinal0 [0x00769E45+564805]
Ordinal0 [0x007735C1+603585]
Ordinal0 [0x00769E01+564737]
Ordinal0 [0x0076ABB2+568242]
Ordinal0 [0x0076A131+565553]
Ordinal0 [0x0076A525+566565]
Ordinal0 [0x00769E45+564805]
Ordinal0 [0x00771A3C+596540]
Ordinal0 [0x00769E01+564737]
Ordinal0 [0x0076ABB2+568242]
Ordinal0 [0x0076A131+565553]
Ordinal0 [0x0076A525+566565]
Ordinal0 [0x00769E45+564805]
Ordinal0 [0x0076FB72+588658]
Ordinal0 [0x00769E01+564737]
Ordinal0 [0x0076ABB2+568242]
Ordinal0 [0x0076A131+565553]
Ordinal0 [0x0076A525+566565]
Ordinal0 [0x00769E45+564805]
Ordinal0 [0x0076ED85+585093]
Ordinal0 [0x00769E01+564737]
Ordinal0 [0x0076ABB2+568242]
Ordinal0 [0x0076A131+565553]
Ordinal0 [0x0076A525+566565]
Ordinal0 [0x00769E45+564805]
Ordinal0 [0x00766486+550022]
Ordinal0 [0x00769E01+564737]
Ordinal0 [0x00769C23+564259]
Ordinal0 [0x00769A17+563735]
Ordinal0 [0x00777FD0+622544]
Ordinal0 [0x00716B2D+224045]
Ordinal0 [0x00715BFC+220156]
Ordinal0 [0x0071181B+202779]
Ordinal0 [0x006F3D74+81268]
Ordinal0 [0x006F4D6E+85358]
Ordinal0 [0x006F4CF9+85241]
Ordinal0 [0x00906F2C+2256684]
GetHandleVerifier [0x00B92FAC+1478332]
GetHandleVerifier [0x00B92AFD+1477133]
GetHandleVerifier [0x00B9AAD8+1509864]
GetHandleVerifier [0x00B9369E+1480110]
Ordinal0 [0x008FD6BD+2217661]
Ordinal0 [0x009089AB+2263467]
Ordinal0 [0x00908AEF+2263791]
Ordinal0 [0x0091D363+2347875]
BaseThreadInitThunk [0x773F6359+25]
RtlGetAppContainerNamedObjectPath [0x77AF7C24+228]
RtlGetAppContainerNamedObjectPath [0x77AF7BF4+180]
]]>
            </message>
            <full-stacktrace>
              <![CDATA[org.openqa.selenium.SessionNotCreatedException: session not created
from timeout: Timed out receiving message from renderer: 600.000
  (Session info: chrome=87.0.4280.66)
Build info: version: '3.141.59', revision: 'e82be7d358', time: '2018-11-14T08:17:03'
System info: host: 'DESKTOP-UJR729K', ip: '192.168.56.1', os.name: 'Windows 10', os.arch: 'amd64', os.version: '10.0', java.version: '14.0.2'
Driver info: driver.version: ChromeDriver
remote stacktrace: Backtrace:
Ordinal0 [0x00A0ECE3+3337443]
Ordinal0 [0x008EF041+2158657]
Ordinal0 [0x00776FA8+618408]
Ordinal0 [0x0076AE8F+568975]
Ordinal0 [0x0076A131+565553]
Ordinal0 [0x0076A525+566565]
Ordinal0 [0x00769E45+564805]
Ordinal0 [0x007735C1+603585]
Ordinal0 [0x00769E01+564737]
Ordinal0 [0x0076ABB2+568242]
Ordinal0 [0x0076A131+565553]
Ordinal0 [0x0076A525+566565]
Ordinal0 [0x00769E45+564805]
Ordinal0 [0x00771A3C+596540]
Ordinal0 [0x00769E01+564737]
Ordinal0 [0x0076ABB2+568242]
Ordinal0 [0x0076A131+565553]
Ordinal0 [0x0076A525+566565]
Ordinal0 [0x00769E45+564805]
Ordinal0 [0x0076FB72+588658]
Ordinal0 [0x00769E01+564737]
Ordinal0 [0x0076ABB2+568242]
Ordinal0 [0x0076A131+565553]
Ordinal0 [0x0076A525+566565]
Ordinal0 [0x00769E45+564805]
Ordinal0 [0x0076ED85+585093]
Ordinal0 [0x00769E01+564737]
Ordinal0 [0x0076ABB2+568242]
Ordinal0 [0x0076A131+565553]
Ordinal0 [0x0076A525+566565]
Ordinal0 [0x00769E45+564805]
Ordinal0 [0x00766486+550022]
Ordinal0 [0x00769E01+564737]
Ordinal0 [0x00769C23+564259]
Ordinal0 [0x00769A17+563735]
Ordinal0 [0x00777FD0+622544]
Ordinal0 [0x00716B2D+224045]
Ordinal0 [0x00715BFC+220156]
Ordinal0 [0x0071181B+202779]
Ordinal0 [0x006F3D74+81268]
Ordinal0 [0x006F4D6E+85358]
Ordinal0 [0x006F4CF9+85241]
Ordinal0 [0x00906F2C+2256684]
GetHandleVerifier [0x00B92FAC+1478332]
GetHandleVerifier [0x00B92AFD+1477133]
GetHandleVerifier [0x00B9AAD8+1509864]
GetHandleVerifier [0x00B9369E+1480110]
Ordinal0 [0x008FD6BD+2217661]
Ordinal0 [0x009089AB+2263467]
Ordinal0 [0x00908AEF+2263791]
Ordinal0 [0x0091D363+2347875]
BaseThreadInitThunk [0x773F6359+25]
RtlGetAppContainerNamedObjectPath [0x77AF7C24+228]
RtlGetAppContainerNamedObjectPath [0x77AF7BF4+180]

at java.base/jdk.internal.reflect.NativeConstructorAccessorImpl.newInstance0(Native Method)
at java.base/jdk.internal.reflect.NativeConstructorAccessorImpl.newInstance(NativeConstructorAccessorImpl.java:62)
at java.base/jdk.internal.reflect.DelegatingConstructorAccessorImpl.newInstance(DelegatingConstructorAccessorImpl.java:45)
at java.base/java.lang.reflect.Constructor.newInstanceWithCaller(Constructor.java:500)
at java.base/java.lang.reflect.Constructor.newInstance(Constructor.java:481)
at org.openqa.selenium.remote.W3CHandshakeResponse.lambda$errorHandler$0(W3CHandshakeResponse.java:62)
at org.openqa.selenium.remote.HandshakeResponse.lambda$getResponseFunction$0(HandshakeResponse.java:30)
at org.openqa.selenium.remote.ProtocolHandshake.lambda$createSession$0(ProtocolHandshake.java:126)
at java.base/java.util.stream.ReferencePipeline$3$1.accept(ReferencePipeline.java:195)
at java.base/java.util.Spliterators$ArraySpliterator.tryAdvance(Spliterators.java:958)
at java.base/java.util.stream.ReferencePipeline.forEachWithCancel(ReferencePipeline.java:127)
at java.base/java.util.stream.AbstractPipeline.copyIntoWithCancel(AbstractPipeline.java:502)
at java.base/java.util.stream.AbstractPipeline.copyInto(AbstractPipeline.java:488)
at java.base/java.util.stream.AbstractPipeline.wrapAndCopyInto(AbstractPipeline.java:474)
at java.base/java.util.stream.FindOps$FindOp.evaluateSequential(FindOps.java:150)
at java.base/java.util.stream.AbstractPipeline.evaluate(AbstractPipeline.java:234)
at java.base/java.util.stream.ReferencePipeline.findFirst(ReferencePipeline.java:543)
at org.openqa.selenium.remote.ProtocolHandshake.createSession(ProtocolHandshake.java:128)
at org.openqa.selenium.remote.ProtocolHandshake.createSession(ProtocolHandshake.java:74)
at org.openqa.selenium.remote.HttpCommandExecutor.execute(HttpCommandExecutor.java:136)
at org.openqa.selenium.remote.service.DriverCommandExecutor.execute(DriverCommandExecutor.java:83)
at org.openqa.selenium.remote.RemoteWebDriver.execute(RemoteWebDriver.java:552)
at org.openqa.selenium.remote.RemoteWebDriver.startSession(RemoteWebDriver.java:213)
at org.openqa.selenium.remote.RemoteWebDriver.<init>(RemoteWebDriver.java:131)
at org.openqa.selenium.chrome.ChromeDriver.<init>(ChromeDriver.java:181)
at org.openqa.selenium.chrome.ChromeDriver.<init>(ChromeDriver.java:168)
at org.openqa.selenium.chrome.ChromeDriver.<init>(ChromeDriver.java:123)
at com.selenium.testng.CrossBrowser.chrome(CrossBrowser.java:16)
at java.base/jdk.internal.reflect.NativeMethodAccessorImpl.invoke0(Native Method)
at java.base/jdk.internal.reflect.NativeMethodAccessorImpl.invoke(NativeMethodAccessorImpl.java:62)
at java.base/jdk.internal.reflect.DelegatingMethodAccessorImpl.invoke(DelegatingMethodAccessorImpl.java:43)
at java.base/java.lang.reflect.Method.invoke(Method.java:564)
at org.testng.internal.MethodInvocationHelper.invokeMethod(MethodInvocationHelper.java:124)
at org.testng.internal.Invoker.invokeMethod(Invoker.java:583)
at org.testng.internal.Invoker.invokeTestMethod(Invoker.java:719)
at org.testng.internal.Invoker.invokeTestMethods(Invoker.java:989)
at org.testng.internal.TestMethodWorker.invokeTestMethods(TestMethodWorker.java:125)
at org.testng.internal.TestMethodWorker.run(TestMethodWorker.java:109)
at org.testng.TestRunner.privateRun(TestRunner.java:648)
at org.testng.TestRunner.run(TestRunner.java:505)
at org.testng.SuiteRunner.runTest(SuiteRunner.java:455)
at org.testng.SuiteRunner.runSequentially(SuiteRunner.java:450)
at org.testng.SuiteRunner.privateRun(SuiteRunner.java:415)
at org.testng.SuiteRunner.run(SuiteRunner.java:364)
at org.testng.SuiteRunnerWorker.runSuite(SuiteRunnerWorker.java:52)
at org.testng.SuiteRunnerWorker.run(SuiteRunnerWorker.java:84)
at org.testng.TestNG.runSuitesSequentially(TestNG.java:1208)
at org.testng.TestNG.runSuitesLocally(TestNG.java:1137)
at org.testng.TestNG.runSuites(TestNG.java:1049)
at org.testng.TestNG.run(TestNG.java:1017)
at org.apache.maven.surefire.testng.TestNGExecutor.run(TestNGExecutor.java:281)
at org.apache.maven.surefire.testng.TestNGXmlTestSuite.execute(TestNGXmlTestSuite.java:75)
at org.apache.maven.surefire.testng.TestNGProvider.invoke(TestNGProvider.java:121)
at org.apache.maven.surefire.booter.ForkedBooter.invokeProviderInSameClassLoader(ForkedBooter.java:290)
at org.apache.maven.surefire.booter.ForkedBooter.runSuitesInProcess(ForkedBooter.java:242)
at org.apache.maven.surefire.booter.ForkedBooter.main(ForkedBooter.java:121)
]]>
            </full-stacktrace>
          </exception> <!-- org.openqa.selenium.SessionNotCreatedException -->
          <reporter-output>
          </reporter-output>
        </test-method> <!-- chrome -->
        <test-method signature="firefox()[pri:1, instance:com.selenium.testng.CrossBrowser@2f490758]" started-at="2020-11-29T16:47:02Z" name="firefox" finished-at="2020-11-29T16:47:12Z" duration-ms="9751" status="PASS">
          <reporter-output>
          </reporter-output>
        </test-method> <!-- firefox -->
        <test-method signature="edge()[pri:2, instance:com.selenium.testng.CrossBrowser@2f490758]" started-at="2020-11-29T16:47:12Z" name="edge" finished-at="2020-11-29T16:47:21Z" duration-ms="8774" status="PASS">
          <reporter-output>
          </reporter-output>
        </test-method> <!-- edge -->
      </class> <!-- com.selenium.testng.CrossBrowser -->
    </test> <!-- Test Cases For Cross browser Test -->
  </suite> <!-- Suite -->
</testng-results>
