<?xml version="1.0" encoding="UTF-8"?>
<testsuite xmlns:xsi="http://www.w3.org/2001/XMLSchema-instance" xsi:schemaLocation="https://maven.apache.org/surefire/maven-surefire-plugin/xsd/surefire-test-report.xsd" name="TestSuite" time="659.01" tests="7" errors="0" skipped="0" failures="1">
  <properties>
[...]
</properties>
  <testcase name="loginTestUser" classname="com.selenium.testng.LoginTC" time="14.746"/>
  <testcase name="loginAdmin" classname="com.selenium.testng.LoginTC" time="4.984"/>
  <testcase name="loginAdmin" classname="com.selenium.testng.LoginTC_dependson" time="5.828"/>
  <testcase name="logoutTestUser" classname="com.selenium.testng.LoginTC_dependson" time="1.326"/>
  <testcase name="chrome" classname="com.selenium.testng.CrossBrowser" time="603.211">
    <failure message="session not created&#10;from timeout: Timed out receiving message from renderer: 600.000&#10;  (Session info: chrome=87.0.4280.66)&#10;Build info: version: &apos;3.141.59&apos;, revision: &apos;e82be7d358&apos;, time: &apos;2018-11-14T08:17:03&apos;&#10;System info: host: &apos;DESKTOP-UJR729K&apos;, ip: &apos;192.168.56.1&apos;, os.name: &apos;Windows 10&apos;, os.arch: &apos;amd64&apos;, os.version: &apos;10.0&apos;, java.version: &apos;14.0.2&apos;&#10;Driver info: driver.version: ChromeDriver&#10;remote stacktrace: Backtrace:&#10;	Ordinal0 [0x00A0ECE3+3337443]&#10;	Ordinal0 [0x008EF041+2158657]&#10;	Ordinal0 [0x00776FA8+618408]&#10;	Ordinal0 [0x0076AE8F+568975]&#10;	Ordinal0 [0x0076A131+565553]&#10;	Ordinal0 [0x0076A525+566565]&#10;	Ordinal0 [0x00769E45+564805]&#10;	Ordinal0 [0x007735C1+603585]&#10;	Ordinal0 [0x00769E01+564737]&#10;	Ordinal0 [0x0076ABB2+568242]&#10;	Ordinal0 [0x0076A131+565553]&#10;	Ordinal0 [0x0076A525+566565]&#10;	Ordinal0 [0x00769E45+564805]&#10;	Ordinal0 [0x00771A3C+596540]&#10;	Ordinal0 [0x00769E01+564737]&#10;	Ordinal0 [0x0076ABB2+568242]&#10;	Ordinal0 [0x0076A131+565553]&#10;	Ordinal0 [0x0076A525+566565]&#10;	Ordinal0 [0x00769E45+564805]&#10;	Ordinal0 [0x0076FB72+588658]&#10;	Ordinal0 [0x00769E01+564737]&#10;	Ordinal0 [0x0076ABB2+568242]&#10;	Ordinal0 [0x0076A131+565553]&#10;	Ordinal0 [0x0076A525+566565]&#10;	Ordinal0 [0x00769E45+564805]&#10;	Ordinal0 [0x0076ED85+585093]&#10;	Ordinal0 [0x00769E01+564737]&#10;	Ordinal0 [0x0076ABB2+568242]&#10;	Ordinal0 [0x0076A131+565553]&#10;	Ordinal0 [0x0076A525+566565]&#10;	Ordinal0 [0x00769E45+564805]&#10;	Ordinal0 [0x00766486+550022]&#10;	Ordinal0 [0x00769E01+564737]&#10;	Ordinal0 [0x00769C23+564259]&#10;	Ordinal0 [0x00769A17+563735]&#10;	Ordinal0 [0x00777FD0+622544]&#10;	Ordinal0 [0x00716B2D+224045]&#10;	Ordinal0 [0x00715BFC+220156]&#10;	Ordinal0 [0x0071181B+202779]&#10;	Ordinal0 [0x006F3D74+81268]&#10;	Ordinal0 [0x006F4D6E+85358]&#10;	Ordinal0 [0x006F4CF9+85241]&#10;	Ordinal0 [0x00906F2C+2256684]&#10;	GetHandleVerifier [0x00B92FAC+1478332]&#10;	GetHandleVerifier [0x00B92AFD+1477133]&#10;	GetHandleVerifier [0x00B9AAD8+1509864]&#10;	GetHandleVerifier [0x00B9369E+1480110]&#10;	Ordinal0 [0x008FD6BD+2217661]&#10;	Ordinal0 [0x009089AB+2263467]&#10;	Ordinal0 [0x00908AEF+2263791]&#10;	Ordinal0 [0x0091D363+2347875]&#10;	BaseThreadInitThunk [0x773F6359+25]&#10;	RtlGetAppContainerNamedObjectPath [0x77AF7C24+228]&#10;	RtlGetAppContainerNamedObjectPath [0x77AF7BF4+180]&#10;" type="org.openqa.selenium.SessionNotCreatedException">org.openqa.selenium.SessionNotCreatedException: 
session not created
from timeout: Timed out receiving message from renderer: 600.000
  (Session info: chrome=87.0.4280.66)
Build info: version: '3.141.59', revision: 'e82be7d358', time: '2018-11-14T08:17:03'
System info: host: 'DESKTOP-UJR729K', ip: '192.168.56.1', os.name: 'Windows 10', os.arch: 'amd64', os.version: '10.0', java.version: '14.0.2'
Driver info: driver.version: ChromeDriver
remote stacktrace: Backtrace:
	Ordinal0 [0x00A0ECE3+3337443]
	Ordinal0 [0x008EF041+2158657]
	Ordinal0 [0x00776FA8+618408]
	Ordinal0 [0x0076AE8F+568975]
	Ordinal0 [0x0076A131+565553]
	Ordinal0 [0x0076A525+566565]
	Ordinal0 [0x00769E45+564805]
	Ordinal0 [0x007735C1+603585]
	Ordinal0 [0x00769E01+564737]
	Ordinal0 [0x0076ABB2+568242]
	Ordinal0 [0x0076A131+565553]
	Ordinal0 [0x0076A525+566565]
	Ordinal0 [0x00769E45+564805]
	Ordinal0 [0x00771A3C+596540]
	Ordinal0 [0x00769E01+564737]
	Ordinal0 [0x0076ABB2+568242]
	Ordinal0 [0x0076A131+565553]
	Ordinal0 [0x0076A525+566565]
	Ordinal0 [0x00769E45+564805]
	Ordinal0 [0x0076FB72+588658]
	Ordinal0 [0x00769E01+564737]
	Ordinal0 [0x0076ABB2+568242]
	Ordinal0 [0x0076A131+565553]
	Ordinal0 [0x0076A525+566565]
	Ordinal0 [0x00769E45+564805]
	Ordinal0 [0x0076ED85+585093]
	Ordinal0 [0x00769E01+564737]
	Ordinal0 [0x0076ABB2+568242]
	Ordinal0 [0x0076A131+565553]
	Ordinal0 [0x0076A525+566565]
	Ordinal0 [0x00769E45+564805]
	Ordinal0 [0x00766486+550022]
	Ordinal0 [0x00769E01+564737]
	Ordinal0 [0x00769C23+564259]
	Ordinal0 [0x00769A17+563735]
	Ordinal0 [0x00777FD0+622544]
	Ordinal0 [0x00716B2D+224045]
	Ordinal0 [0x00715BFC+220156]
	Ordinal0 [0x0071181B+202779]
	Ordinal0 [0x006F3D74+81268]
	Ordinal0 [0x006F4D6E+85358]
	Ordinal0 [0x006F4CF9+85241]
	Ordinal0 [0x00906F2C+2256684]
	GetHandleVerifier [0x00B92FAC+1478332]
	GetHandleVerifier [0x00B92AFD+1477133]
	GetHandleVerifier [0x00B9AAD8+1509864]
	GetHandleVerifier [0x00B9369E+1480110]
	Ordinal0 [0x008FD6BD+2217661]
	Ordinal0 [0x009089AB+2263467]
	Ordinal0 [0x00908AEF+2263791]
	Ordinal0 [0x0091D363+2347875]
	BaseThreadInitThunk [0x773F6359+25]
	RtlGetAppContainerNamedObjectPath [0x77AF7C24+228]
	RtlGetAppContainerNamedObjectPath [0x77AF7BF4+180]

	at com.selenium.testng.CrossBrowser.chrome(CrossBrowser.java:16)
</failure>
    <system-err><![CDATA[Starting ChromeDriver 87.0.4280.20 (c99e81631faa0b2a448e658c0dbd8311fb04ddbd-refs/branch-heads/4280@{#355}) on port 32939
Only local connections are allowed.
Please see https://chromedriver.chromium.org/security-considerations for suggestions on keeping ChromeDriver safe.
ChromeDriver was started successfully.
[1606668422.547][SEVERE]: Timed out receiving message from renderer: 600.000
]]></system-err>
  </testcase>
  <testcase name="firefox" classname="com.selenium.testng.CrossBrowser" time="9.748"/>
  <testcase name="edge" classname="com.selenium.testng.CrossBrowser" time="8.775"/>
</testsuite>